<?xml version="1.0" encoding="UTF-8"?>
<!-- Generated by org.testng.reporters.JUnitReportReporter -->
<testsuite skipped="0" hostname="HP" name="QAClickAcademy.MavenJava.RestAPITest" tests="2" failures="0" timestamp="2021-01-05T20:36:47 IST" time="0.001" errors="0">
  <testcase name="postJIRA" time="0.000" classname="QAClickAcademy.MavenJava.RestAPITest"/>
  <system-out/>
  <testcase name="deleteTwitter" time="0.001" classname="QAClickAcademy.MavenJava.RestAPITest"/>
  <system-out/>
</testsuite> <!-- QAClickAcademy.MavenJava.RestAPITest -->
