<?xml version="1.0" encoding="UTF-8"?>
<!-- Generated by org.testng.reporters.JUnitReportReporter -->
<testsuite skipped="0" hostname="HP" name="QAClickAcademy.MavenJava.SeleniumTest" tests="2" failures="0" timestamp="2021-01-05T20:36:47 IST" time="0.008" errors="0">
  <testcase name="elementsUI" time="0.001" classname="QAClickAcademy.MavenJava.SeleniumTest"/>
  <system-out/>
  <testcase name="BrowserAutomation" time="0.007" classname="QAClickAcademy.MavenJava.SeleniumTest"/>
  <system-out/>
</testsuite> <!-- QAClickAcademy.MavenJava.SeleniumTest -->
