<?xml version="1.0" encoding="UTF-8"?>
<!-- Generated by org.testng.reporters.JUnitReportReporter -->
<testsuite skipped="0" hostname="HP" name="QAClickAcademy.MavenJava.AppiumTest" tests="2" failures="0" timestamp="2021-01-05T20:36:47 IST" time="0.002" errors="0">
  <testcase name="IOSApps" time="0.001" classname="QAClickAcademy.MavenJava.AppiumTest"/>
  <system-out/>
  <testcase name="NativeAppAndroid" time="0.001" classname="QAClickAcademy.MavenJava.AppiumTest"/>
  <system-out/>
</testsuite> <!-- QAClickAcademy.MavenJava.AppiumTest -->
